<?xml version='1.0' encoding='UTF-8'?>
<hotspot_log version='160 1' process='2500' time_ms='1458035035259'>
<vm_version>
<name>
Java HotSpot(TM) 64-Bit Server VM
</name>
<release>
21.0-b08-fastdebug
</release>
<info>
Java HotSpot(TM) 64-Bit Server VM (21.0-b08-fastdebug) for windows-amd64 JRE (1.7.0-ea-fastdebug-b138), built on Apr 14 2011 01:13:14 by &quot;java_re&quot; with unknown MS VC++:1600
</info>
</vm_version>
<vm_arguments>
<args>
-Dfile.encoding=UTF-8 
</args>
<command>
SpiderMain
</command>
<launcher>
SUN_STANDARD
</launcher>
<properties>
java.vm.specification.name=Java Virtual Machine Specification
java.vm.version=21.0-b08-fastdebug
java.vm.name=Java HotSpot(TM) 64-Bit Server VM
java.vm.info=mixed mode, sharing
java.ext.dirs=C:\Program Files (x86)\Java\jdk1.7.0_debug\fastdebug\jre\lib\ext;C:\WINDOWS\Sun\Java\lib\ext
java.endorsed.dirs=C:\Program Files (x86)\Java\jdk1.7.0_debug\fastdebug\jre\lib\endorsed
sun.boot.library.path=C:\Program Files (x86)\Java\jdk1.7.0_debug\fastdebug\jre\bin
java.library.path=C:\Program Files (x86)\Java\jdk1.7.0_debug\fastdebug\bin;.;C:\WINDOWS\Sun\Java\bin;C:\WINDOWS\system32;C:\WINDOWS;C:/Program Files/Java/jre1.8.0_60/bin/server;C:/Program Files/Java/jre1.8.0_60/bin;C:/Program Files/Java/jre1.8.0_60/lib/amd64;C:\ProgramData\Oracle\Java\javapath;C:\Program Files (x86)\Common Files\NetSarang;C:\WINDOWS\system32;C:\WINDOWS;C:\WINDOWS\System32\Wbem;C:\WINDOWS\System32\WindowsPowerShell\v1.0\;C:\Program Files\Java\jdk1.7.0_76\bin;E:\Program Files (x86)\instantclient_12_1;E:\Program Files (x86)\VisualSVN Server\bin;E:\Program Files (x86)\Subversion\bin;E:\Program Files\TortoiseSVN\bin;E:\Program Files\TortoiseGit\bin;E:\Program Files (x86)\apache\apache-maven-3.3.9\bin;C:\Program Files (x86)\Calibre2\;E:\green\eclipse;
java.home=C:\Program Files (x86)\Java\jdk1.7.0_debug\fastdebug\jre
java.class.path=D:\code\practice\catalogSpider\target\classes;E:\green\eclipse\plugins\org.junit_4.12.0.v201504281640\junit.jar;E:\green\eclipse\plugins\org.hamcrest.core_1.3.0.v201303031735.jar;C:\Users\lmk\.m2\repository\org\jsoup\jsoup\1.8.3\jsoup-1.8.3.jar;C:\Users\lmk\.m2\repository\net\sourceforge\jexcelapi\jxl\2.6.12\jxl-2.6.12.jar;C:\Users\lmk\.m2\repository\log4j\log4j\1.2.14\log4j-1.2.14.jar
sun.boot.class.path=C:\Program Files (x86)\Java\jdk1.7.0_debug\fastdebug\jre\lib\resources.jar;C:\Program Files (x86)\Java\jdk1.7.0_debug\fastdebug\jre\lib\rt.jar;C:\Program Files (x86)\Java\jdk1.7.0_debug\fastdebug\jre\lib\sunrsasign.jar;C:\Program Files (x86)\Java\jdk1.7.0_debug\fastdebug\jre\lib\jsse.jar;C:\Program Files (x86)\Java\jdk1.7.0_debug\fastdebug\jre\lib\jce.jar;C:\Program Files (x86)\Java\jdk1.7.0_debug\fastdebug\jre\lib\charsets.jar;C:\Program Files (x86)\Java\jdk1.7.0_debug\fastdebug\jre\classes
java.vm.specification.vendor=Oracle Corporation
java.vm.specification.version=1.7
java.vm.vendor=Oracle Corporation
file.encoding=UTF-8
sun.java.command=SpiderMain
sun.java.launcher=SUN_STANDARD
</properties>
</vm_arguments>
<tty>
<writer thread='12088'/>
<writer thread='12364'/>
<writer thread='12088'/>
<writer thread='12364'/>
<writer thread='12088'/>
<writer thread='12364'/>
<writer thread='12088'/>
<writer thread='12364'/>
<writer thread='12088'/>
<writer thread='12364'/>
<writer thread='12088'/>
<writer thread='12364'/>
<writer thread='12088'/>
<writer thread='12364'/>
<writer thread='12088'/>
<writer thread='6988'/>
<dependency_failed type='abstract_with_unique_concrete_subtype' ctxk='java/lang/CharacterData' x='java/lang/CharacterDataLatin1' witness='java/lang/CharacterData00' stamp='2.527'/>
<dependency_failed type='abstract_with_unique_concrete_subtype' ctxk='java/lang/CharacterData' x='java/lang/CharacterDataLatin1' witness='java/lang/CharacterData00' stamp='2.530'/>
<dependency_failed type='abstract_with_unique_concrete_subtype' ctxk='java/lang/CharacterData' x='java/lang/CharacterDataLatin1' witness='java/lang/CharacterData00' stamp='2.530'/>
<dependency_failed type='abstract_with_unique_concrete_subtype' ctxk='java/lang/CharacterData' x='java/lang/CharacterDataLatin1' witness='java/lang/CharacterData00' stamp='2.530'/>
<dependency_failed type='abstract_with_unique_concrete_subtype' ctxk='java/lang/CharacterData' x='java/lang/CharacterDataLatin1' witness='java/lang/CharacterData00' stamp='2.530'/>
<dependency_failed type='abstract_with_unique_concrete_subtype' ctxk='java/lang/CharacterData' x='java/lang/CharacterDataLatin1' witness='java/lang/CharacterData00' stamp='2.530'/>
<dependency_failed type='abstract_with_unique_concrete_subtype' ctxk='java/lang/CharacterData' x='java/lang/CharacterDataLatin1' witness='java/lang/CharacterData00' stamp='2.530'/>
<writer thread='12088'/>
<writer thread='12364'/>
<writer thread='12088'/>
<writer thread='12364'/>
<writer thread='12088'/>
<writer thread='12364'/>
<writer thread='12088'/>
<writer thread='12364'/>
<writer thread='12088'/>
<writer thread='12364'/>
<writer thread='12088'/>
<writer thread='12364'/>
<writer thread='12088'/>
<writer thread='12364'/>
<writer thread='12088'/>
<writer thread='12364'/>
<writer thread='6988'/>
C1 Runtime statistics:
 _resolve_invoke_virtual_cnt:     61
 _resolve_invoke_opt_virtual_cnt: 264
 _resolve_invoke_static_cnt:      100
 _handle_wrong_method_cnt:        8
 _ic_miss_cnt:                    19
 _generic_arraycopy_cnt:          0
 _primitive_arraycopy_cnt:        0
 _oop_arraycopy_cnt:              0
 _arraycopy_slowcase_cnt:         0
 _new_type_array_slowcase_cnt:    0
 _new_object_array_slowcase_cnt:  0
 _new_instance_slowcase_cnt:      0
 _new_multi_array_slowcase_cnt:   0
 _monitorenter_slowcase_cnt:      0
 _monitorexit_slowcase_cnt:       0
 _patch_code_slowcase_cnt:        0
 _throw_range_check_exception_count:            0:
 _throw_index_exception_count:                  0:
 _throw_div0_exception_count:                   0:
 _throw_null_pointer_exception_count:           0:
 _throw_class_cast_exception_count:             0:
 _throw_incompatible_class_change_error_count:  0:
 _throw_array_store_exception_count:            0:
 _throw_count:                                  0:

<statistics type='deoptimization'>
Deoptimization traps recorded:
    33 (100.0%) total
     null_check/make_not_entrant/checkcast: 5 (15.2%)
  class_check/maybe_recompile/invokevirtual: 17 (51.5%)
   bimorphic/maybe_recompile/invokevirtual: 4 (12.1%)
            unloaded/reinterpret/getstatic: 1 (3.0%)
           unreached/reinterpret/ifnonnull: 1 (3.0%)
              unreached/reinterpret/ifnull: 3 (9.1%)
                       constraint/none/nop: 1 (3.0%)
         predicate/maybe_recompile/aload_0: 1 (3.0%)
</statistics>
<statistics type='nmethod'>
Statistics for 1 native nmethods:
 N. total size  = 1088
 N. relocation  = 112
 N. main code   = 688
Statistics for 267 bytecoded nmethods:
 total in heap  = 1117312
 relocation     = 39120
 constants      = 1056
 main code      = 388064
 stub code      = 22640
 oops           = 15544
 scopes data    = 202592
 scopes pcs     = 320400
 dependencies   = 2928
 handler table  = 34176
 nul chk table  = 11208
Debug Data Chunks: 58607, shared 5381+28962, non-SP&apos;s elided 60
PcDesc Statistics:  2057 queries, 11.31 comparisons per query
  caches=267 queries=2057/0, hits=0+186, tests=9157+14112, adds=1871
</statistics>
<statistics type='opto'>
--- Compiler Statistics ---
Methods seen: 2519  Methods parsed: 2519  Nodes created: 486010
Blocks parsed: 8231  Blocks seen: 8687
8584 original NULL checks - 6579 elided (76%); optimizer leaves 1826,
1224 made implicit (67%)
CCP: 267  constants found: 14
Total frameslots = 2632, Max frameslots = 40
Inserted 0 spill loads, 0 spill stores, 0 mem-mem moves and 0 copies.
Total load cost=      0, store cost =      0, mem-mem cost =  0.00, copy cost =     0.
Adjusted spill cost =       0.
Conservatively coalesced 1043 copies, 0 pairs, 8110 post alloc.
Used cisc instruction  381,  remained in register 3311
Average allocation trips 1.765125
High Pressure Blocks = 0, Low Pressure Blocks = 0
Nops added 0 bytes to total of 385367 bytes, for 0.00%
Peephole: peephole rules applied: 0
PhaseIdealLoop=1101, sum _unique=1649928
</statistics>
<statistics type='intrinsic'>
Compiler intrinsic usage:
     6 ( 2.3%) _hashCode (worked,virtual)
     8 ( 3.1%) _getClass (worked)
    25 ( 9.8%) _min (worked)
     1 ( 0.4%) _max (worked)
    51 (19.9%) _arraycopy (worked)
     1 ( 0.4%) _getComponentType (worked)
     1 ( 0.4%) _newArray (worked)
     7 ( 2.7%) _copyOf (worked)
    15 ( 5.9%) _compareTo (worked)
   141 (55.1%) _equals (worked)
   256 (100.0%) total (worked,virtual)
</statistics>
<statistics type='SharedRuntime'>
  148 new instance requires GC
  173 new array requires GC
   19 inline cache miss in compiled
    8 wrong method
  100 unresolved static call site
   61 unresolved virtual call site
  264 unresolved opt virtual call site
 3095 slow partial subtype
   12 byte array copies
429683 short array copies
22805 int array copies
145522 long array copies
    2 rethrow handler
AdapterHandlerTable: empty 142 longest 3 total 201 average 1.331126
AdapterHandlerTable: lookups 10648 buckets 11173 equals 10453 hits 10447 compact 10447
</statistics>
<writer thread='1108'/>
<destroy_vm stamp='15.139'/>
<tty_done stamp='15.238'/>
</tty>
<hotspot_log_done stamp='15.238'/>
</hotspot_log>
